MSG:1005,0,1,"MakeMKV v1.17.9 darwin(arm64-release) started","%1 started","MakeMKV v1.17.9 darwin(arm64-release)"
PRGT:5018,0,"Scanning CD-ROM devices"
PRGC:5018,0,"Scanning CD-ROM devices"
PRGV:0,0,65536
PRGV:0,0,65536
MSG:2010,0,1,"Optical drive \"BD-RE PIONEER BD-RW   BDR-UD04 1.14 SADLXYXYXYXYd\" opened in OS access mode.","Optical drive \"%1\" opened in OS access mode.","BD-RE PIONEER BD-RW   BDR-UD04 1.14 SADLXYXYXYXYd"
PRGV:65536,0,65536
PRGV:65536,65536,65536
DRV:0,0,999,0,"BD-RE PIONEER BD-RW   BDR-UD04 1.14 SADLXYXYXYXY","",""
DRV:1,256,999,0,"","",""
DRV:2,256,999,0,"","",""
DRV:3,256,999,0,"","",""
DRV:4,256,999,0,"","",""
DRV:5,256,999,0,"","",""
DRV:6,256,999,0,"","",""
DRV:7,256,999,0,"","",""
DRV:8,256,999,0,"","",""
DRV:9,256,999,0,"","",""
DRV:10,256,999,0,"","",""
DRV:11,256,999,0,"","",""
DRV:12,256,999,0,"","",""
DRV:13,256,999,0,"","",""
DRV:14,256,999,0,"","",""
DRV:15,256,999,0,"","",""
PRGV:0,65536,65536
PRGV:0,0,65536
MSG:3006,131072,1,"Opening files on harddrive at file:///Volumes/BEBOP/MovieBackups/backup//WILLY_WONKA","Opening files on harddrive at %1","file:///Volumes/BEBOP/MovieBackups/backup//WILLY_WONKA"
PRGT:3404,0,"Opening Blu-ray disc"
PRGC:3400,0,"Processing AV clips"
PRGV:0,0,65536
PRGV:0,0,65536
PRGV:62259,0,65536
PRGV:62259,4990,65536
PRGC:3401,0,"Processing movie playlists"
PRGV:0,4990,65536
PRGV:6721,4990,65536
PRGV:6721,5516,65536
PRGC:3402,0,"Decrypting"
PRGV:0,5516,65536
PRGC:3406,0,"Processing BD+ code"
PRGC:3103,0,"Processing titles"
MSG:3025,16777216,3,"Title #00016.mpls has length of 30 seconds which is less than minimum title length of 39 seconds and was therefore skipped","Title #%1 has length of %2 seconds which is less than minimum title length of %3 seconds and was therefore skipped","00016.mpls","30","39"
MSG:3307,16777216,2,"File 00017.mpls was added as title #0","File %1 was added as title #%2","00017.mpls","0"
MSG:3307,0,2,"File 00018.mpls was added as title #1","File %1 was added as title #%2","00018.mpls","1"
PRGV:15320,5516,65536
PRGV:15320,7880,65536
MSG:3307,0,2,"File 00020.mpls was added as title #2","File %1 was added as title #%2","00020.mpls","2"
PRGV:16171,7880,65536
PRGV:16171,8011,65536
MSG:3307,0,2,"File 00029.mpls was added as title #3","File %1 was added as title #%2","00029.mpls","3"
PRGV:17873,8011,65536
PRGV:17873,8274,65536
MSG:3307,0,2,"File 00031.mpls was added as title #4","File %1 was added as title #%2","00031.mpls","4"
PRGV:18724,8274,65536
PRGV:18724,8405,65536
MSG:3307,16777216,2,"File 00032.mpls was added as title #5","File %1 was added as title #%2","00032.mpls","5"
MSG:3307,16777216,2,"File 00036.mpls was added as title #6","File %1 was added as title #%2","00036.mpls","6"
MSG:3307,16777216,2,"File 00037.mpls was added as title #7","File %1 was added as title #%2","00037.mpls","7"
MSG:3307,16777216,2,"File 00039.mpls was added as title #8","File %1 was added as title #%2","00039.mpls","8"
MSG:3307,16777216,2,"File 00040.mpls was added as title #9","File %1 was added as title #%2","00040.mpls","9"
MSG:3309,16777216,2,"Title 00046.mpls is equal to title 00037.mpls and was skipped","Title %1 is equal to title %2 and was skipped","00046.mpls","00037.mpls"
MSG:3309,16777216,2,"Title 00047.mpls is equal to title 00036.mpls and was skipped","Title %1 is equal to title %2 and was skipped","00047.mpls","00036.mpls"
MSG:3025,16777216,3,"Title #00003.m2ts has length of 0 seconds which is less than minimum title length of 39 seconds and was therefore skipped","Title #%1 has length of %2 seconds which is less than minimum title length of %3 seconds and was therefore skipped","00003.m2ts","0","39"
MSG:3025,16777216,3,"Title #00008.m2ts has length of 11 seconds which is less than minimum title length of 39 seconds and was therefore skipped","Title #%1 has length of %2 seconds which is less than minimum title length of %3 seconds and was therefore skipped","00008.m2ts","11","39"
MSG:3025,16777216,3,"Title #00009.m2ts has length of 12 seconds which is less than minimum title length of 39 seconds and was therefore skipped","Title #%1 has length of %2 seconds which is less than minimum title length of %3 seconds and was therefore skipped","00009.m2ts","12","39"
MSG:3025,16777216,3,"Title #00010.m2ts has length of 16 seconds which is less than minimum title length of 39 seconds and was therefore skipped","Title #%1 has length of %2 seconds which is less than minimum title length of %3 seconds and was therefore skipped","00010.m2ts","16","39"
MSG:3025,16777216,3,"Title #00006.m2ts has length of 10 seconds which is less than minimum title length of 39 seconds and was therefore skipped","Title #%1 has length of %2 seconds which is less than minimum title length of %3 seconds and was therefore skipped","00006.m2ts","10","39"
MSG:3025,16777216,3,"Title #00007.m2ts has length of 0 seconds which is less than minimum title length of 39 seconds and was therefore skipped","Title #%1 has length of %2 seconds which is less than minimum title length of %3 seconds and was therefore skipped","00007.m2ts","0","39"
MSG:3025,16777216,3,"Title #00016.m2ts has length of 23 seconds which is less than minimum title length of 39 seconds and was therefore skipped","Title #%1 has length of %2 seconds which is less than minimum title length of %3 seconds and was therefore skipped","00016.m2ts","23","39"
MSG:3025,16777216,3,"Title #00017.m2ts has length of 30 seconds which is less than minimum title length of 39 seconds and was therefore skipped","Title #%1 has length of %2 seconds which is less than minimum title length of %3 seconds and was therefore skipped","00017.m2ts","30","39"
MSG:3307,0,2,"File 00030.m2ts was added as title #10","File %1 was added as title #%2","00030.m2ts","10"
PRGV:54471,8405,65536
PRGV:54471,13921,65536
MSG:3307,0,2,"File 00039.m2ts was added as title #11","File %1 was added as title #%2","00039.m2ts","11"
PRGV:56173,13921,65536
PRGV:56173,14184,65536
MSG:3307,16777216,2,"File 00041.m2ts was added as title #12","File %1 was added as title #%2","00041.m2ts","12"
MSG:3307,0,2,"File 00042.m2ts was added as title #13","File %1 was added as title #%2","00042.m2ts","13"
PRGV:57875,14184,65536
PRGV:57875,14446,65536
MSG:3307,16777216,2,"File 00043.m2ts was added as title #14","File %1 was added as title #%2","00043.m2ts","14"
MSG:3307,0,2,"File 00045.m2ts was added as title #15","File %1 was added as title #%2","00045.m2ts","15"
PRGV:65536,14446,65536
PRGV:65536,15628,65536
MSG:5011,0,0,"Operation successfully completed","Operation successfully completed"
PRGV:0,15628,65536
PRGV:0,0,65536
PRGT:5024,0,"Saving all titles to MKV files"
MSG:5014,131072,2,"Saving 1 titles into directory file:///Volumes/BEBOP/MovieBackups/Testing","Saving %1 titles into directory %2","1","file:///Volumes/BEBOP/MovieBackups/Testing"
PRGC:5057,0,"Analyzing seamless segments"
PRGV:0,0,65536
PRGV:0,0,65536
PRGV:16384,0,65536
PRGV:49152,0,65536
PRGC:5017,0,"Saving to MKV file"
PRGV:0,0,65536
PRGV:227,0,65536
PRGV:227,228,65536
PRGV:334,228,65536
PRGV:334,334,65536
PRGV:451,334,65536
PRGV:451,451,65536
PRGV:567,451,65536
PRGV:567,567,65536
PRGV:651,567,65536
PRGV:651,651,65536
PRGV:723,651,65536
PRGV:723,723,65536
PRGV:779,723,65536
PRGV:779,779,65536
PRGV:857,779,65536
PRGV:857,857,65536
PRGV:921,857,65536
PRGV:921,922,65536
PRGV:974,922,65536
PRGV:974,974,65536
PRGV:1037,974,65536
PRGV:1037,1037,65536
PRGV:1112,1037,65536
PRGV:1112,1112,65536
PRGV:1165,1112,65536
PRGV:1165,1165,65536
MSG:2008,32,0,"Program reads data faster than it can write to disk, consider upgrading your hard drive if you see many of these messages.","Program reads data faster than it can write to disk, consider upgrading your hard drive if you see many of these messages."
PRGV:1691,1165,65536
PRGV:1691,1691,65536
PRGV:1810,1691,65536
PRGV:1810,1810,65536
PRGV:1919,1810,65536
PRGV:1919,1919,65536
PRGV:2014,1919,65536
PRGV:2014,2014,65536
PRGV:2129,2014,65536
PRGV:2129,2129,65536
PRGV:2223,2129,65536
PRGV:2223,2223,65536
PRGV:2253,2223,65536
PRGV:2253,2253,65536
MSG:2008,32,0,"Program reads data faster than it can write to disk, consider upgrading your hard drive if you see many of these messages.","Program reads data faster than it can write to disk, consider upgrading your hard drive if you see many of these messages."
PRGV:2366,2253,65536
PRGV:2366,2366,65536
PRGV:2491,2366,65536
PRGV:2491,2491,65536
PRGV:2599,2491,65536
PRGV:2599,2599,65536
PRGV:2705,2599,65536
PRGV:2705,2705,65536
PRGV:2826,2705,65536
PRGV:2826,2826,65536
PRGV:2949,2826,65536
PRGV:2949,2949,65536
PRGV:3071,2949,65536
PRGV:3071,3071,65536
PRGV:3213,3071,65536
PRGV:3213,3213,65536
PRGV:3261,3213,65536
PRGV:3261,3261,65536
MSG:2008,32,0,"Program reads data faster than it can write to disk, consider upgrading your hard drive if you see many of these messages.","Program reads data faster than it can write to disk, consider upgrading your hard drive if you see many of these messages."
PRGV:3302,3261,65536
PRGV:3302,3302,65536
PRGV:3404,3302,65536
PRGV:3404,3404,65536
MSG:2008,32,0,"Program reads data faster than it can write to disk, consider upgrading your hard drive if you see many of these messages.","Program reads data faster than it can write to disk, consider upgrading your hard drive if you see many of these messages."
PRGV:3418,3404,65536
PRGV:3418,3418,65536
PRGV:3449,3418,65536
PRGV:3449,3449,65536
PRGV:3553,3449,65536
PRGV:3553,3553,65536
MSG:2008,32,0,"Program reads data faster than it can write to disk, consider upgrading your hard drive if you see many of these messages.","Program reads data faster than it can write to disk, consider upgrading your hard drive if you see many of these messages."
PRGV:3612,3553,65536
PRGV:3612,3612,65536
PRGV:3714,3612,65536
PRGV:3714,3714,65536
PRGV:3753,3714,65536
PRGV:3753,3753,65536
MSG:2008,32,0,"Program reads data faster than it can write to disk, consider upgrading your hard drive if you see many of these messages.","Program reads data faster than it can write to disk, consider upgrading your hard drive if you see many of these messages."
PRGV:3757,3753,65536
PRGV:3757,3757,65536
PRGV:3862,3757,65536
PRGV:3862,3862,65536
PRGV:3989,3862,65536
PRGV:3989,3989,65536
PRGV:4080,3989,65536
PRGV:4080,4080,65536
PRGV:4181,4080,65536
PRGV:4181,4181,65536
PRGV:4323,4181,65536
PRGV:4323,4323,65536
PRGV:4358,4323,65536
PRGV:4358,4358,65536
MSG:2008,32,0,"Program reads data faster than it can write to disk, consider upgrading your hard drive if you see many of these messages.","Program reads data faster than it can write to disk, consider upgrading your hard drive if you see many of these messages."
PRGV:4412,4358,65536
PRGV:4412,4412,65536
PRGV:4456,4412,65536
PRGV:4456,4456,65536
MSG:2008,32,0,"Program reads data faster than it can write to disk, consider upgrading your hard drive if you see many of these messages.","Program reads data faster than it can write to disk, consider upgrading your hard drive if you see many of these messages."
PRGV:4492,4456,65536
PRGV:4492,4492,65536
PRGV:4499,4492,65536
PRGV:4499,4499,65536
MSG:2008,32,0,"Program reads data faster than it can write to disk, consider upgrading your hard drive if you see many of these messages.","Program reads data faster than it can write to disk, consider upgrading your hard drive if you see many of these messages."
PRGV:4538,4499,65536
PRGV:4538,4538,65536
PRGV:4663,4538,65536
PRGV:4663,4663,65536
MSG:2008,32,0,"Program reads data faster than it can write to disk, consider upgrading your hard drive if you see many of these messages.","Program reads data faster than it can write to disk, consider upgrading your hard drive if you see many of these messages."
PRGV:4804,4663,65536
PRGV:4804,4804,65536
PRGV:4908,4804,65536
PRGV:4908,4908,65536
PRGV:4981,4908,65536
PRGV:4981,4981,65536
PRGV:5065,4981,65536
PRGV:5065,5065,65536
PRGV:5095,5065,65536
PRGV:5095,5095,65536
PRGV:5126,5095,65536
PRGV:5126,5126,65536
PRGV:5217,5126,65536
PRGV:5217,5217,65536
PRGV:5265,5217,65536
PRGV:5265,5265,65536
PRGV:5323,5265,65536
PRGV:5323,5323,65536
PRGV:5439,5323,65536
PRGV:5439,5439,65536
PRGV:5451,5439,65536
PRGV:5451,5451,65536
PRGV:5572,5451,65536
PRGV:5572,5572,65536
PRGV:5631,5572,65536
PRGV:5631,5631,65536
PRGV:5693,5631,65536
PRGV:5693,5693,65536
PRGV:5737,5693,65536
PRGV:5737,5737,65536
PRGV:5777,5737,65536
PRGV:5777,5777,65536
PRGV:5906,5777,65536
PRGV:5906,5906,65536
PRGV:5998,5906,65536
PRGV:5998,5998,65536
PRGV:6085,5998,65536
PRGV:6085,6085,65536
PRGV:6122,6085,65536
PRGV:6122,6122,65536
PRGV:6147,6122,65536
PRGV:6147,6147,65536
PRGV:6241,6147,65536
PRGV:6241,6241,65536
PRGV:6362,6241,65536
PRGV:6362,6362,65536
PRGV:6422,6362,65536
PRGV:6422,6422,65536
PRGV:6492,6422,65536
PRGV:6492,6492,65536
PRGV:6585,6492,65536
PRGV:6585,6585,65536
PRGV:6704,6585,65536
PRGV:6704,6704,65536
PRGV:6830,6704,65536
PRGV:6830,6830,65536
PRGV:6941,6830,65536
PRGV:6941,6941,65536
PRGV:6988,6941,65536
PRGV:6988,6988,65536
PRGV:7017,6988,65536
PRGV:7017,7017,65536
PRGV:7129,7017,65536
PRGV:7129,7129,65536
PRGV:7241,7129,65536
PRGV:7241,7241,65536
PRGV:7280,7241,65536
PRGV:7280,7280,65536
PRGV:7358,7280,65536
PRGV:7358,7358,65536
PRGV:7482,7358,65536
PRGV:7482,7482,65536
PRGV:7585,7482,65536
PRGV:7585,7585,65536
PRGV:7710,7585,65536
PRGV:7710,7710,65536
PRGV:7837,7710,65536
PRGV:7837,7837,65536
PRGV:7965,7837,65536
PRGV:7965,7965,65536
PRGV:7973,7965,65536
PRGV:7973,7973,65536
PRGV:8010,7973,65536
PRGV:8010,8010,65536
PRGV:8123,8010,65536
PRGV:8123,8123,65536
PRGV:8260,8123,65536
PRGV:8260,8260,65536
PRGV:8398,8260,65536
PRGV:8398,8398,65536
PRGV:8525,8398,65536
PRGV:8525,8525,65536
PRGV:8577,8525,65536
PRGV:8577,8577,65536
PRGV:8699,8577,65536
PRGV:8699,8699,65536
PRGV:8825,8699,65536
PRGV:8825,8825,65536
PRGV:8940,8825,65536
PRGV:8940,8940,65536
PRGV:9030,8940,65536
PRGV:9030,9030,65536
PRGV:9066,9030,65536
PRGV:9066,9066,65536
PRGV:9184,9066,65536
PRGV:9184,9184,65536
PRGV:9317,9184,65536
PRGV:9317,9317,65536
PRGV:9434,9317,65536
PRGV:9434,9434,65536
PRGV:9560,9434,65536
PRGV:9560,9560,65536
PRGV:9672,9560,65536
PRGV:9672,9672,65536
PRGV:9810,9672,65536
PRGV:9810,9810,65536
PRGV:9935,9810,65536
PRGV:9935,9935,65536
PRGV:10037,9935,65536
PRGV:10037,10037,65536
PRGV:10099,10037,65536
PRGV:10099,10099,65536
PRGV:10147,10099,65536
PRGV:10147,10147,65536
PRGV:10259,10147,65536
PRGV:10259,10259,65536
PRGV:10369,10259,65536
PRGV:10369,10369,65536
PRGV:10507,10369,65536
PRGV:10507,10507,65536
PRGV:10622,10507,65536
PRGV:10622,10622,65536
PRGV:10741,10622,65536
PRGV:10741,10741,65536
PRGV:10875,10741,65536
PRGV:10875,10875,65536
PRGV:10984,10875,65536
PRGV:10984,10984,65536
PRGV:11015,10984,65536
PRGV:11015,11015,65536
PRGV:11076,11015,65536
PRGV:11076,11076,65536
PRGV:11157,11076,65536
PRGV:11157,11157,65536
PRGV:11166,11157,65536
PRGV:11166,11166,65536
PRGV:11224,11166,65536
PRGV:11224,11224,65536
PRGV:11300,11224,65536
PRGV:11300,11301,65536
PRGV:11432,11301,65536
PRGV:11432,11432,65536
PRGV:11547,11432,65536
PRGV:11547,11547,65536
PRGV:11646,11547,65536
PRGV:11646,11646,65536
PRGV:11821,11646,65536
PRGV:11821,11821,65536
PRGV:11919,11821,65536
PRGV:11919,11919,65536
PRGV:12071,11919,65536
PRGV:12071,12071,65536
PRGV:12102,12071,65536
PRGV:12102,12102,65536
PRGV:12151,12102,65536
PRGV:12151,12151,65536
PRGV:12210,12151,65536
PRGV:12210,12210,65536
PRGV:12284,12210,65536
PRGV:12284,12284,65536
PRGV:12343,12284,65536
PRGV:12343,12343,65536
PRGV:12457,12343,65536
PRGV:12457,12457,65536
PRGV:12555,12457,65536
PRGV:12555,12555,65536
PRGV:12626,12555,65536
PRGV:12626,12626,65536
PRGV:12756,12626,65536
PRGV:12756,12756,65536
PRGV:12894,12756,65536
PRGV:12894,12894,65536
PRGV:13027,12894,65536
PRGV:13027,13027,65536
PRGV:13106,13027,65536
PRGV:13106,13106,65536
PRGV:13241,13106,65536
PRGV:13241,13241,65536
PRGV:13287,13241,65536
PRGV:13287,13287,65536
PRGV:13420,13287,65536
PRGV:13420,13420,65536
PRGV:13535,13420,65536
PRGV:13535,13535,65536
PRGV:13660,13535,65536
PRGV:13660,13660,65536
PRGV:13750,13660,65536
PRGV:13750,13750,65536
PRGV:13825,13750,65536
PRGV:13825,13825,65536
PRGV:13941,13825,65536
PRGV:13941,13941,65536
PRGV:14029,13941,65536
PRGV:14029,14029,65536
PRGV:14030,14029,65536
PRGV:14030,14030,65536
PRGV:14141,14030,65536
PRGV:14141,14141,65536
PRGV:14241,14141,65536
PRGV:14241,14241,65536
PRGV:14375,14241,65536
PRGV:14375,14375,65536
PRGV:14486,14375,65536
PRGV:14486,14486,65536
PRGV:14527,14486,65536
PRGV:14527,14527,65536
PRGV:14598,14527,65536
PRGV:14598,14598,65536
PRGV:14689,14598,65536
PRGV:14689,14689,65536
PRGV:14716,14689,65536
PRGV:14716,14716,65536
PRGV:14795,14716,65536
PRGV:14795,14795,65536
PRGV:14824,14795,65536
PRGV:14824,14824,65536
PRGV:14946,14824,65536
PRGV:14946,14946,65536
PRGV:15010,14946,65536
PRGV:15010,15010,65536
PRGV:15135,15010,65536
PRGV:15135,15135,65536
PRGV:15237,15135,65536
PRGV:15237,15237,65536
PRGV:15316,15237,65536
PRGV:15316,15316,65536
PRGV:15442,15316,65536
PRGV:15442,15442,65536
PRGV:15498,15442,65536
PRGV:15498,15498,65536
PRGV:15609,15498,65536
PRGV:15609,15610,65536
PRGV:15662,15610,65536
PRGV:15662,15662,65536
PRGV:15730,15662,65536
PRGV:15730,15730,65536
PRGV:15834,15730,65536
PRGV:15834,15834,65536
PRGV:15938,15834,65536
PRGV:15938,15938,65536
PRGV:15982,15938,65536
PRGV:15982,15982,65536
PRGV:16118,15982,65536
PRGV:16118,16118,65536
PRGV:16217,16118,65536
PRGV:16217,16217,65536
PRGV:16295,16217,65536
PRGV:16295,16295,65536
PRGV:16437,16295,65536
PRGV:16437,16437,65536
PRGV:16556,16437,65536
PRGV:16556,16556,65536
PRGV:16683,16556,65536
PRGV:16683,16683,65536
PRGV:16739,16683,65536
PRGV:16739,16739,65536
PRGV:16791,16739,65536
PRGV:16791,16791,65536
PRGV:16909,16791,65536
PRGV:16909,16910,65536
PRGV:17013,16910,65536
PRGV:17013,17013,65536
PRGV:17035,17013,65536
PRGV:17035,17035,65536
PRGV:17052,17035,65536
PRGV:17052,17052,65536
PRGV:17159,17052,65536
PRGV:17159,17159,65536
PRGV:17221,17159,65536
PRGV:17221,17221,65536
PRGV:17348,17221,65536
PRGV:17348,17348,65536
PRGV:17470,17348,65536
PRGV:17470,17470,65536
PRGV:17517,17470,65536
PRGV:17517,17517,65536
PRGV:17646,17517,65536
PRGV:17646,17646,65536
PRGV:17780,17646,65536
PRGV:17780,17780,65536
PRGV:17899,17780,65536
PRGV:17899,17899,65536
PRGV:18011,17899,65536
PRGV:18011,18011,65536
PRGV:18023,18011,65536
PRGV:18023,18023,65536
PRGV:18100,18023,65536
PRGV:18100,18100,65536
PRGV:18200,18100,65536
PRGV:18200,18200,65536
PRGV:18275,18200,65536
PRGV:18275,18275,65536
PRGV:18382,18275,65536
PRGV:18382,18382,65536
PRGV:18481,18382,65536
PRGV:18481,18481,65536
PRGV:18607,18481,65536
PRGV:18607,18607,65536
PRGV:18651,18607,65536
PRGV:18651,18651,65536
PRGV:18734,18651,65536
PRGV:18734,18734,65536
PRGV:18888,18734,65536
PRGV:18888,18888,65536
PRGV:19045,18888,65536
PRGV:19045,19045,65536
PRGV:19071,19045,65536
PRGV:19071,19071,65536
PRGV:19075,19071,65536
PRGV:19075,19075,65536
PRGV:19208,19075,65536
PRGV:19208,19208,65536
PRGV:19333,19208,65536
PRGV:19333,19333,65536
PRGV:19446,19333,65536
PRGV:19446,19446,65536
PRGV:19579,19446,65536
PRGV:19579,19579,65536
PRGV:19696,19579,65536
PRGV:19696,19696,65536
PRGV:19805,19696,65536
PRGV:19805,19805,65536
PRGV:19940,19805,65536
PRGV:19940,19940,65536
PRGV:20017,19940,65536
PRGV:20017,20017,65536
PRGV:20059,20017,65536
PRGV:20059,20059,65536
PRGV:20130,20059,65536
PRGV:20130,20130,65536
PRGV:20157,20130,65536
PRGV:20157,20157,65536
PRGV:20361,20157,65536
PRGV:20361,20361,65536
PRGV:20437,20361,65536
PRGV:20437,20437,65536
PRGV:20517,20437,65536
PRGV:20517,20517,65536
PRGV:20616,20517,65536
PRGV:20616,20616,65536
PRGV:20657,20616,65536
PRGV:20657,20657,65536
PRGV:20776,20657,65536
PRGV:20776,20776,65536
PRGV:20883,20776,65536
PRGV:20883,20883,65536
PRGV:20983,20883,65536
PRGV:20983,20983,65536
PRGV:21100,20983,65536
PRGV:21100,21100,65536
PRGV:21146,21100,65536
PRGV:21146,21146,65536
PRGV:21297,21146,65536
PRGV:21297,21297,65536
PRGV:21320,21297,65536
PRGV:21320,21320,65536
PRGV:21409,21320,65536
PRGV:21409,21409,65536
PRGV:21486,21409,65536
PRGV:21486,21486,65536
PRGV:21600,21486,65536
PRGV:21600,21600,65536
PRGV:21666,21600,65536
PRGV:21666,21666,65536
PRGV:21777,21666,65536
PRGV:21777,21777,65536
PRGV:21889,21777,65536
PRGV:21889,21889,65536
PRGV:21928,21889,65536
PRGV:21928,21928,65536
PRGV:22021,21928,65536
PRGV:22021,22021,65536
PRGV:22152,22021,65536
PRGV:22152,22152,65536
PRGV:22154,22152,65536
PRGV:22154,22154,65536
PRGV:22209,22154,65536
PRGV:22209,22209,65536
PRGV:22327,22209,65536
PRGV:22327,22327,65536
PRGV:22472,22327,65536
PRGV:22472,22472,65536
PRGV:22567,22472,65536
PRGV:22567,22567,65536
PRGV:22673,22567,65536
PRGV:22673,22673,65536
PRGV:22739,22673,65536
PRGV:22739,22739,65536
PRGV:22834,22739,65536
PRGV:22834,22834,65536
PRGV:22856,22834,65536
PRGV:22856,22857,65536
PRGV:22914,22857,65536
PRGV:22914,22914,65536
PRGV:22961,22914,65536
PRGV:22961,22961,65536
PRGV:23059,22961,65536
PRGV:23059,23060,65536
PRGV:23123,23060,65536
PRGV:23123,23123,65536
PRGV:23166,23123,65536
PRGV:23166,23166,65536
PRGV:23277,23166,65536
PRGV:23277,23277,65536
PRGV:23377,23277,65536
PRGV:23377,23377,65536
PRGV:23423,23377,65536
PRGV:23423,23423,65536
PRGV:23524,23423,65536
PRGV:23524,23524,65536
PRGV:23638,23524,65536
PRGV:23638,23638,65536
PRGV:23744,23638,65536
PRGV:23744,23744,65536
PRGV:23879,23744,65536
PRGV:23879,23879,65536
PRGV:23976,23879,65536
PRGV:23976,23976,65536
PRGV:24065,23976,65536
PRGV:24065,24065,65536
PRGV:24119,24065,65536
PRGV:24119,24119,65536
PRGV:24178,24119,65536
PRGV:24178,24178,65536
PRGV:24240,24178,65536
PRGV:24240,24240,65536
PRGV:24355,24240,65536
PRGV:24355,24355,65536
PRGV:24454,24355,65536
PRGV:24454,24454,65536
PRGV:24505,24454,65536
PRGV:24505,24505,65536
PRGV:24614,24505,65536
PRGV:24614,24614,65536
PRGV:24725,24614,65536
PRGV:24725,24725,65536
PRGV:24838,24725,65536
PRGV:24838,24838,65536
PRGV:24973,24838,65536
PRGV:24973,24973,65536
PRGV:25021,24973,65536
PRGV:25021,25021,65536
PRGV:25059,25021,65536
PRGV:25059,25059,65536
PRGV:25140,25059,65536
PRGV:25140,25140,65536
PRGV:25219,25140,65536
PRGV:25219,25219,65536
PRGV:25337,25219,65536
PRGV:25337,25337,65536
PRGV:25457,25337,65536
PRGV:25457,25457,65536
PRGV:25539,25457,65536
PRGV:25539,25539,65536
PRGV:25698,25539,65536
PRGV:25698,25698,65536
PRGV:25818,25698,65536
PRGV:25818,25818,65536
PRGV:25849,25818,65536
PRGV:25849,25849,65536
PRGV:25902,25849,65536
PRGV:25902,25902,65536
PRGV:25997,25902,65536
PRGV:25997,25997,65536
PRGV:26016,25997,65536
PRGV:26016,26016,65536
PRGV:26049,26016,65536
PRGV:26049,26049,65536
PRGV:26156,26049,65536
PRGV:26156,26156,65536
PRGV:26212,26156,65536
PRGV:26212,26212,65536
PRGV:26353,26212,65536
PRGV:26353,26353,65536
PRGV:26493,26353,65536
PRGV:26493,26493,65536
PRGV:26629,26493,65536
PRGV:26629,26629,65536
PRGV:26761,26629,65536
PRGV:26761,26761,65536
PRGV:26872,26761,65536
PRGV:26872,26872,65536
PRGV:26904,26872,65536
PRGV:26904,26904,65536
PRGV:26989,26904,65536
PRGV:26989,26989,65536
PRGV:27112,26989,65536
PRGV:27112,27112,65536
PRGV:27202,27112,65536
PRGV:27202,27202,65536
PRGV:27264,27202,65536
PRGV:27264,27264,65536
PRGV:27325,27264,65536
PRGV:27325,27325,65536
PRGV:27331,27325,65536
PRGV:27331,27331,65536
PRGV:27604,27331,65536
PRGV:27604,27604,65536
PRGV:27688,27604,65536
PRGV:27688,27688,65536
PRGV:27835,27688,65536
PRGV:27835,27835,65536
PRGV:27930,27835,65536
PRGV:27930,27930,65536
PRGV:27986,27930,65536
PRGV:27986,27986,65536
PRGV:28089,27986,65536
PRGV:28089,28089,65536
PRGV:28191,28089,65536
PRGV:28191,28191,65536
PRGV:28240,28191,65536
PRGV:28240,28240,65536
PRGV:28280,28240,65536
PRGV:28280,28280,65536
PRGV:28353,28280,65536
PRGV:28353,28353,65536
PRGV:28416,28353,65536
PRGV:28416,28416,65536
PRGV:28468,28416,65536
PRGV:28468,28468,65536
PRGV:28551,28468,65536
PRGV:28551,28551,65536
PRGV:28699,28551,65536
PRGV:28699,28699,65536
PRGV:28813,28699,65536
PRGV:28813,28813,65536
PRGV:28933,28813,65536
PRGV:28933,28933,65536
PRGV:29058,28933,65536
PRGV:29058,29058,65536
PRGV:29157,29058,65536
PRGV:29157,29157,65536
PRGV:29195,29157,65536
PRGV:29195,29195,65536
PRGV:29327,29195,65536
PRGV:29327,29327,65536
PRGV:29387,29327,65536
PRGV:29387,29387,65536
PRGV:29497,29387,65536
PRGV:29497,29497,65536
PRGV:29620,29497,65536
PRGV:29620,29620,65536
PRGV:29672,29620,65536
PRGV:29672,29672,65536
PRGV:29820,29672,65536
PRGV:29820,29820,65536
PRGV:29930,29820,65536
PRGV:29930,29930,65536
PRGV:30030,29930,65536
PRGV:30030,30030,65536
PRGV:30078,30030,65536
PRGV:30078,30078,65536
PRGV:30177,30078,65536
PRGV:30177,30177,65536
PRGV:30222,30177,65536
PRGV:30222,30222,65536
PRGV:30292,30222,65536
PRGV:30292,30292,65536
PRGV:30417,30292,65536
PRGV:30417,30417,65536
PRGV:30476,30417,65536
PRGV:30476,30476,65536
PRGV:30601,30476,65536
PRGV:30601,30601,65536
PRGV:30728,30601,65536
PRGV:30728,30728,65536
PRGV:30869,30728,65536
PRGV:30869,30869,65536
PRGV:30907,30869,65536
PRGV:30907,30907,65536
PRGV:30975,30907,65536
PRGV:30975,30976,65536
PRGV:31089,30976,65536
PRGV:31089,31089,65536
PRGV:31226,31089,65536
PRGV:31226,31226,65536
PRGV:31315,31226,65536
PRGV:31315,31315,65536
PRGV:31428,31315,65536
PRGV:31428,31428,65536
PRGV:31477,31428,65536
PRGV:31477,31477,65536
PRGV:31615,31477,65536
PRGV:31615,31615,65536
PRGV:31742,31615,65536
PRGV:31742,31742,65536
PRGV:31861,31742,65536
PRGV:31861,31862,65536
PRGV:31932,31862,65536
PRGV:31932,31932,65536
PRGV:32023,31932,65536
PRGV:32023,32023,65536
PRGV:32143,32023,65536
PRGV:32143,32143,65536
PRGV:32205,32143,65536
PRGV:32205,32205,65536
PRGV:32249,32205,65536
PRGV:32249,32249,65536
PRGV:32368,32249,65536
PRGV:32368,32368,65536
PRGV:32413,32368,65536
PRGV:32413,32413,65536
PRGV:32533,32413,65536
PRGV:32533,32533,65536
PRGV:32620,32533,65536
PRGV:32620,32620,65536
PRGV:32785,32620,65536
PRGV:32785,32785,65536
PRGV:32868,32785,65536
PRGV:32868,32868,65536
PRGV:32981,32868,65536
PRGV:32981,32981,65536
PRGV:33072,32981,65536
PRGV:33072,33072,65536
PRGV:33189,33072,65536
PRGV:33189,33189,65536
PRGV:33300,33189,65536
PRGV:33300,33300,65536
PRGV:33424,33300,65536
PRGV:33424,33424,65536
PRGV:33521,33424,65536
PRGV:33521,33521,65536
PRGV:33640,33521,65536
PRGV:33640,33640,65536
PRGV:33773,33640,65536
PRGV:33773,33773,65536
PRGV:33889,33773,65536
PRGV:33889,33889,65536
PRGV:33995,33889,65536
PRGV:33995,33995,65536
PRGV:34121,33995,65536
PRGV:34121,34121,65536
PRGV:34261,34121,65536
PRGV:34261,34261,65536
PRGV:34297,34261,65536
PRGV:34297,34297,65536
PRGV:34389,34297,65536
PRGV:34389,34389,65536
PRGV:34483,34389,65536
PRGV:34483,34483,65536
PRGV:34610,34483,65536
PRGV:34610,34610,65536
PRGV:34735,34610,65536
PRGV:34735,34735,65536
PRGV:34844,34735,65536
PRGV:34844,34844,65536
PRGV:34891,34844,65536
PRGV:34891,34891,65536
PRGV:34995,34891,65536
PRGV:34995,34995,65536
PRGV:35164,34995,65536
PRGV:35164,35164,65536
PRGV:35175,35164,65536
PRGV:35175,35175,65536
PRGV:35241,35175,65536
PRGV:35241,35241,65536
PRGV:35376,35241,65536
PRGV:35376,35376,65536
PRGV:35504,35376,65536
PRGV:35504,35504,65536
PRGV:35618,35504,65536
PRGV:35618,35618,65536
PRGV:35663,35618,65536
PRGV:35663,35663,65536
PRGV:35796,35663,65536
PRGV:35796,35796,65536
PRGV:35908,35796,65536
PRGV:35908,35908,65536
PRGV:36031,35908,65536
PRGV:36031,36031,65536
PRGV:36144,36031,65536
PRGV:36144,36144,65536
PRGV:36214,36144,65536
PRGV:36214,36214,65536
PRGV:36230,36214,65536
PRGV:36230,36230,65536
PRGV:36301,36230,65536
PRGV:36301,36301,65536
PRGV:36359,36301,65536
PRGV:36359,36359,65536
PRGV:36473,36359,65536
PRGV:36473,36473,65536
PRGV:36565,36473,65536
PRGV:36565,36565,65536
PRGV:36617,36565,65536
PRGV:36617,36617,65536
PRGV:36706,36617,65536
PRGV:36706,36706,65536
PRGV:36822,36706,65536
PRGV:36822,36822,65536
PRGV:36928,36822,65536
PRGV:36928,36928,65536
PRGV:36969,36928,65536
PRGV:36969,36969,65536
PRGV:37018,36969,65536
PRGV:37018,37018,65536
PRGV:37068,37018,65536
PRGV:37068,37068,65536
PRGV:37165,37068,65536
PRGV:37165,37165,65536
PRGV:37168,37165,65536
PRGV:37168,37168,65536
PRGV:37234,37168,65536
PRGV:37234,37234,65536
PRGV:37247,37234,65536
PRGV:37247,37247,65536
PRGV:37294,37247,65536
PRGV:37294,37294,65536
PRGV:37341,37294,65536
PRGV:37341,37341,65536
PRGV:37438,37341,65536
PRGV:37438,37438,65536
PRGV:37553,37438,65536
PRGV:37553,37553,65536
PRGV:37667,37553,65536
PRGV:37667,37667,65536
PRGV:37784,37667,65536
PRGV:37784,37784,65536
PRGV:37930,37784,65536
PRGV:37930,37930,65536
PRGV:38063,37930,65536
PRGV:38063,38063,65536
PRGV:38178,38063,65536
PRGV:38178,38178,65536
PRGV:38231,38178,65536
PRGV:38231,38231,65536
PRGV:38250,38231,65536
PRGV:38250,38250,65536
PRGV:38314,38250,65536
PRGV:38314,38314,65536
PRGV:38427,38314,65536
PRGV:38427,38427,65536
PRGV:38571,38427,65536
PRGV:38571,38571,65536
PRGV:38693,38571,65536
PRGV:38693,38693,65536
PRGV:38786,38693,65536
PRGV:38786,38786,65536
PRGV:38910,38786,65536
PRGV:38910,38910,65536
PRGV:38987,38910,65536
PRGV:38987,38987,65536
PRGV:39035,38987,65536
PRGV:39035,39035,65536
PRGV:39149,39035,65536
PRGV:39149,39149,65536
PRGV:39270,39149,65536
PRGV:39270,39270,65536
PRGV:39328,39270,65536
PRGV:39328,39328,65536
PRGV:39400,39328,65536
PRGV:39400,39400,65536
PRGV:39456,39400,65536
PRGV:39456,39456,65536
PRGV:39560,39456,65536
PRGV:39560,39560,65536
PRGV:39683,39560,65536
PRGV:39683,39683,65536
PRGV:39822,39683,65536
PRGV:39822,39822,65536
PRGV:39942,39822,65536
PRGV:39942,39942,65536
PRGV:40071,39942,65536
PRGV:40071,40071,65536
PRGV:40187,40071,65536
PRGV:40187,40187,65536
PRGV:40248,40187,65536
PRGV:40248,40248,65536
PRGV:40273,40248,65536
PRGV:40273,40273,65536
PRGV:40355,40273,65536
PRGV:40355,40355,65536
PRGV:40473,40355,65536
PRGV:40473,40473,65536
PRGV:40533,40473,65536
PRGV:40533,40533,65536
PRGV:40655,40533,65536
PRGV:40655,40655,65536
PRGV:40783,40655,65536
PRGV:40783,40783,65536
PRGV:40900,40783,65536
PRGV:40900,40900,65536
PRGV:41025,40900,65536
PRGV:41025,41025,65536
PRGV:41158,41025,65536
PRGV:41158,41158,65536
PRGV:41300,41158,65536
PRGV:41300,41300,65536
PRGV:41311,41300,65536
PRGV:41311,41311,65536
PRGV:41329,41311,65536
PRGV:41329,41329,65536
PRGV:41434,41329,65536
PRGV:41434,41434,65536
PRGV:41493,41434,65536
PRGV:41493,41493,65536
PRGV:41541,41493,65536
PRGV:41541,41541,65536
PRGV:41679,41541,65536
PRGV:41679,41679,65536
PRGV:41775,41679,65536
PRGV:41775,41775,65536
PRGV:41944,41775,65536
PRGV:41944,41944,65536
PRGV:42057,41944,65536
PRGV:42057,42057,65536
PRGV:42181,42057,65536
PRGV:42181,42181,65536
PRGV:42233,42181,65536
PRGV:42233,42233,65536
PRGV:42292,42233,65536
PRGV:42292,42292,65536
PRGV:42433,42292,65536
PRGV:42433,42433,65536
PRGV:42555,42433,65536
PRGV:42555,42555,65536
PRGV:42675,42555,65536
PRGV:42675,42675,65536
PRGV:42780,42675,65536
PRGV:42780,42780,65536
PRGV:42916,42780,65536
PRGV:42916,42916,65536
PRGV:42971,42916,65536
PRGV:42971,42971,65536
PRGV:43097,42971,65536
PRGV:43097,43097,65536
PRGV:43217,43097,65536
PRGV:43217,43217,65536
PRGV:43269,43217,65536
PRGV:43269,43269,65536
PRGV:43284,43269,65536
PRGV:43284,43284,65536
PRGV:43339,43284,65536
PRGV:43339,43339,65536
PRGV:43451,43339,65536
PRGV:43451,43451,65536
PRGV:43567,43451,65536
PRGV:43567,43567,65536
PRGV:43635,43567,65536
PRGV:43635,43635,65536
PRGV:43765,43635,65536
PRGV:43765,43765,65536
PRGV:43811,43765,65536
PRGV:43811,43811,65536
PRGV:43925,43811,65536
PRGV:43925,43925,65536
PRGV:44008,43925,65536
PRGV:44008,44008,65536
PRGV:44112,44008,65536
PRGV:44112,44112,65536
PRGV:44199,44112,65536
PRGV:44199,44199,65536
PRGV:44261,44199,65536
PRGV:44261,44261,65536
PRGV:44379,44261,65536
PRGV:44379,44379,65536
PRGV:44495,44379,65536
PRGV:44495,44495,65536
PRGV:44567,44495,65536
PRGV:44567,44567,65536
PRGV:44667,44567,65536
PRGV:44667,44667,65536
PRGV:44798,44667,65536
PRGV:44798,44798,65536
PRGV:44855,44798,65536
PRGV:44855,44855,65536
PRGV:44897,44855,65536
PRGV:44897,44897,65536
PRGV:45024,44897,65536
PRGV:45024,45024,65536
PRGV:45142,45024,65536
PRGV:45142,45142,65536
PRGV:45257,45142,65536
PRGV:45257,45257,65536
PRGV:45285,45257,65536
PRGV:45285,45285,65536
PRGV:45329,45285,65536
PRGV:45329,45329,65536
PRGV:45435,45329,65536
PRGV:45435,45435,65536
PRGV:45565,45435,65536
PRGV:45565,45565,65536
PRGV:45657,45565,65536
PRGV:45657,45657,65536
PRGV:45723,45657,65536
PRGV:45723,45723,65536
PRGV:45841,45723,65536
PRGV:45841,45841,65536
PRGV:45961,45841,65536
PRGV:45961,45961,65536
PRGV:46071,45961,65536
PRGV:46071,46071,65536
PRGV:46189,46071,65536
PRGV:46189,46189,65536
PRGV:46275,46189,65536
PRGV:46275,46275,65536
PRGV:46325,46275,65536
PRGV:46325,46325,65536
PRGV:46416,46325,65536
PRGV:46416,46416,65536
PRGV:46551,46416,65536
PRGV:46551,46551,65536
PRGV:46690,46551,65536
PRGV:46690,46690,65536
PRGV:46831,46690,65536
PRGV:46831,46831,65536
PRGV:46940,46831,65536
PRGV:46940,46940,65536
PRGV:47071,46940,65536
PRGV:47071,47071,65536
PRGV:47135,47071,65536
PRGV:47135,47135,65536
PRGV:47245,47135,65536
PRGV:47245,47245,65536
PRGV:47332,47245,65536
PRGV:47332,47332,65536
PRGV:47367,47332,65536
PRGV:47367,47367,65536
PRGV:47474,47367,65536
PRGV:47474,47474,65536
PRGV:47605,47474,65536
PRGV:47605,47605,65536
PRGV:47732,47605,65536
PRGV:47732,47732,65536
PRGV:47865,47732,65536
PRGV:47865,47865,65536
PRGV:47983,47865,65536
PRGV:47983,47983,65536
PRGV:48109,47983,65536
PRGV:48109,48109,65536
PRGV:48266,48109,65536
PRGV:48266,48266,65536
PRGV:48307,48266,65536
PRGV:48307,48307,65536
PRGV:48367,48307,65536
PRGV:48367,48367,65536
PRGV:48418,48367,65536
PRGV:48418,48418,65536
PRGV:48532,48418,65536
PRGV:48532,48532,65536
PRGV:48659,48532,65536
PRGV:48659,48659,65536
PRGV:48818,48659,65536
PRGV:48818,48818,65536
PRGV:48917,48818,65536
PRGV:48917,48917,65536
PRGV:49057,48917,65536
PRGV:49057,49057,65536
PRGV:49195,49057,65536
PRGV:49195,49195,65536
PRGV:49323,49195,65536
PRGV:49323,49323,65536
PRGV:49332,49323,65536
PRGV:49332,49332,65536
PRGV:49468,49332,65536
PRGV:49468,49468,65536
PRGV:49603,49468,65536
PRGV:49603,49603,65536
PRGV:49735,49603,65536
PRGV:49735,49735,65536
PRGV:49854,49735,65536
PRGV:49854,49854,65536
PRGV:49984,49854,65536
PRGV:49984,49984,65536
PRGV:50113,49984,65536
PRGV:50113,50113,65536
PRGV:50241,50113,65536
PRGV:50241,50241,65536
PRGV:50345,50241,65536
PRGV:50345,50344,65536
PRGV:50389,50344,65536
PRGV:50389,50389,65536
PRGV:50441,50389,65536
PRGV:50441,50441,65536
PRGV:50605,50441,65536
PRGV:50605,50605,65536
PRGV:50629,50605,65536
PRGV:50629,50629,65536
PRGV:50782,50629,65536
PRGV:50782,50782,65536
PRGV:50888,50782,65536
PRGV:50888,50888,65536
PRGV:51000,50888,65536
PRGV:51000,51000,65536
PRGV:51137,51000,65536
PRGV:51137,51137,65536
PRGV:51250,51137,65536
PRGV:51250,51250,65536
PRGV:51319,51250,65536
PRGV:51319,51319,65536
PRGV:51395,51319,65536
PRGV:51395,51395,65536
PRGV:51547,51395,65536
PRGV:51547,51547,65536
PRGV:51666,51547,65536
PRGV:51666,51666,65536
PRGV:51798,51666,65536
PRGV:51798,51798,65536
PRGV:51901,51798,65536
PRGV:51901,51901,65536
PRGV:51965,51901,65536
PRGV:51965,51965,65536
PRGV:52070,51965,65536
PRGV:52070,52070,65536
PRGV:52200,52070,65536
PRGV:52200,52200,65536
PRGV:52288,52200,65536
PRGV:52288,52288,65536
PRGV:52420,52288,65536
PRGV:52420,52420,65536
PRGV:52550,52420,65536
PRGV:52550,52550,65536
PRGV:52661,52550,65536
PRGV:52661,52661,65536
PRGV:52788,52661,65536
PRGV:52788,52788,65536
PRGV:52910,52788,65536
PRGV:52910,52910,65536
PRGV:53028,52910,65536
PRGV:53028,53028,65536
PRGV:53111,53028,65536
PRGV:53111,53111,65536
PRGV:53220,53111,65536
PRGV:53220,53220,65536
PRGV:53298,53220,65536
PRGV:53298,53298,65536
PRGV:53386,53298,65536
PRGV:53386,53386,65536
PRGV:53558,53386,65536
PRGV:53558,53558,65536
PRGV:53603,53558,65536
PRGV:53603,53603,65536
PRGV:53714,53603,65536
PRGV:53714,53714,65536
PRGV:53751,53714,65536
PRGV:53751,53751,65536
PRGV:53869,53751,65536
PRGV:53869,53869,65536
PRGV:53969,53869,65536
PRGV:53969,53969,65536
PRGV:54050,53969,65536
PRGV:54050,54050,65536
PRGV:54154,54050,65536
PRGV:54154,54154,65536
PRGV:54157,54154,65536
PRGV:54157,54157,65536
PRGV:54242,54157,65536
PRGV:54242,54242,65536
PRGV:54359,54242,65536
PRGV:54359,54359,65536
PRGV:54465,54359,65536
PRGV:54465,54465,65536
PRGV:54565,54465,65536
PRGV:54565,54565,65536
PRGV:54606,54565,65536
PRGV:54606,54606,65536
PRGV:54697,54606,65536
PRGV:54697,54697,65536
PRGV:54787,54697,65536
PRGV:54787,54787,65536
PRGV:54961,54787,65536
PRGV:54961,54961,65536
PRGV:55060,54961,65536
PRGV:55060,55060,65536
PRGV:55186,55060,65536
PRGV:55186,55186,65536
PRGV:55308,55186,65536
PRGV:55308,55308,65536
PRGV:55345,55308,65536
PRGV:55345,55345,65536
PRGV:55473,55345,65536
PRGV:55473,55473,65536
PRGV:55545,55473,65536
PRGV:55545,55545,65536
PRGV:55626,55545,65536
PRGV:55626,55626,65536
PRGV:55773,55626,65536
PRGV:55773,55773,65536
PRGV:55892,55773,65536
PRGV:55892,55892,65536
PRGV:55967,55892,65536
PRGV:55967,55967,65536
PRGV:56003,55967,65536
PRGV:56003,56003,65536
PRGV:56129,56003,65536
PRGV:56129,56129,65536
PRGV:56254,56129,65536
PRGV:56254,56254,65536
PRGV:56284,56254,65536
PRGV:56284,56284,65536
PRGV:56329,56284,65536
PRGV:56329,56329,65536
PRGV:56470,56329,65536
PRGV:56470,56470,65536
PRGV:56588,56470,65536
PRGV:56588,56588,65536
PRGV:56747,56588,65536
PRGV:56747,56747,65536
PRGV:56806,56747,65536
PRGV:56806,56806,65536
PRGV:56926,56806,65536
PRGV:56926,56926,65536
PRGV:57006,56926,65536
PRGV:57006,57006,65536
PRGV:57104,57006,65536
PRGV:57104,57104,65536
PRGV:57213,57104,65536
PRGV:57213,57213,65536
PRGV:57268,57213,65536
PRGV:57268,57268,65536
PRGV:57349,57268,65536
PRGV:57349,57349,65536
PRGV:57397,57349,65536
PRGV:57397,57397,65536
PRGV:57520,57397,65536
PRGV:57520,57520,65536
PRGV:57657,57520,65536
PRGV:57657,57657,65536
PRGV:57775,57657,65536
PRGV:57775,57775,65536
PRGV:57920,57775,65536
PRGV:57920,57920,65536
PRGV:58058,57920,65536
PRGV:58058,58058,65536
PRGV:58187,58058,65536
PRGV:58187,58187,65536
PRGV:58249,58187,65536
PRGV:58249,58249,65536
PRGV:58383,58249,65536
PRGV:58383,58383,65536
PRGV:58509,58383,65536
PRGV:58509,58509,65536
PRGV:58627,58509,65536
PRGV:58627,58627,65536
PRGV:58691,58627,65536
PRGV:58691,58691,65536
PRGV:58761,58691,65536
PRGV:58761,58761,65536
PRGV:58857,58761,65536
PRGV:58857,58857,65536
PRGV:58967,58857,65536
PRGV:58967,58967,65536
PRGV:59072,58967,65536
PRGV:59072,59072,65536
PRGV:59209,59072,65536
PRGV:59209,59209,65536
PRGV:59250,59209,65536
PRGV:59250,59250,65536
PRGV:59308,59250,65536
PRGV:59308,59308,65536
PRGV:59423,59308,65536
PRGV:59423,59423,65536
PRGV:59547,59423,65536
PRGV:59547,59547,65536
PRGV:59677,59547,65536
PRGV:59677,59677,65536
PRGV:59778,59677,65536
PRGV:59778,59778,65536
PRGV:59840,59778,65536
PRGV:59840,59840,65536
PRGV:59970,59840,65536
PRGV:59970,59970,65536
PRGV:60110,59970,65536
PRGV:60110,60110,65536
PRGV:60263,60110,65536
PRGV:60263,60263,65536
PRGV:60277,60263,65536
PRGV:60277,60277,65536
PRGV:60396,60277,65536
PRGV:60396,60396,65536
PRGV:60517,60396,65536
PRGV:60517,60517,65536
PRGV:60578,60517,65536
PRGV:60578,60577,65536
PRGV:60704,60577,65536
PRGV:60704,60704,65536
PRGV:60816,60704,65536
PRGV:60816,60816,65536
PRGV:60876,60816,65536
PRGV:60876,60876,65536
PRGV:60989,60876,65536
PRGV:60989,60989,65536
PRGV:61107,60989,65536
PRGV:61107,61107,65536
PRGV:61235,61107,65536
PRGV:61235,61235,65536
PRGV:61237,61235,65536
PRGV:61237,61237,65536
PRGV:61327,61237,65536
PRGV:61327,61327,65536
PRGV:61379,61327,65536
PRGV:61379,61379,65536
PRGV:61520,61379,65536
PRGV:61520,61520,65536
PRGV:61619,61520,65536
PRGV:61619,61619,65536
PRGV:61751,61619,65536
PRGV:61751,61751,65536
PRGV:61887,61751,65536
PRGV:61887,61887,65536
PRGV:61997,61887,65536
PRGV:61997,61997,65536
PRGV:62090,61997,65536
PRGV:62090,62090,65536
PRGV:62187,62090,65536
PRGV:62187,62187,65536
PRGV:62240,62187,65536
PRGV:62240,62240,65536
PRGV:62259,62240,65536
PRGV:62259,62259,65536
PRGV:62321,62259,65536
PRGV:62321,62321,65536
PRGV:62412,62321,65536
PRGV:62412,62412,65536
PRGV:62544,62412,65536
PRGV:62544,62544,65536
PRGV:62670,62544,65536
PRGV:62670,62670,65536
PRGV:62788,62670,65536
PRGV:62788,62788,65536
PRGV:62789,62788,65536
PRGV:62789,62789,65536
PRGV:62898,62789,65536
PRGV:62898,62898,65536
PRGV:63052,62898,65536
PRGV:63052,63052,65536
PRGV:63184,63052,65536
PRGV:63184,63184,65536
PRGV:63211,63184,65536
PRGV:63211,63211,65536
PRGV:63290,63211,65536
PRGV:63290,63290,65536
PRGV:63411,63290,65536
PRGV:63411,63411,65536
PRGV:63548,63411,65536
PRGV:63548,63548,65536
PRGV:63664,63548,65536
PRGV:63664,63664,65536
PRGV:63794,63664,65536
PRGV:63794,63794,65536
PRGV:63894,63794,65536
PRGV:63894,63894,65536
PRGV:63967,63894,65536
PRGV:63967,63967,65536
PRGV:64045,63967,65536
PRGV:64045,64045,65536
PRGV:64139,64045,65536
PRGV:64139,64138,65536
PRGV:64192,64138,65536
PRGV:64192,64192,65536
PRGV:64251,64192,65536
PRGV:64251,64251,65536
PRGV:64327,64251,65536
PRGV:64327,64327,65536
PRGV:64453,64327,65536
PRGV:64453,64453,65536
PRGV:64586,64453,65536
PRGV:64586,64586,65536
PRGV:64717,64586,65536
PRGV:64717,64717,65536
PRGV:64839,64717,65536
PRGV:64839,64839,65536
PRGV:65067,64839,65536
PRGV:65067,65067,65536
PRGV:65196,65067,65536
PRGV:65196,65196,65536
PRGV:65290,65196,65536
PRGV:65290,65290,65536
PRGV:65297,65290,65536
PRGV:65297,65297,65536
PRGV:65359,65297,65536
PRGV:65359,65359,65536
PRGV:65457,65359,65536
PRGV:65457,65457,65536
PRGV:65486,65457,65536
PRGV:65486,65486,65536
PRGV:65535,65486,65536
PRGV:65535,65535,65536
PRGV:65536,65535,65536
MSG:4007,131088,2,"AV synchronization issues were found in file 'file:///Volumes/BEBOP/MovieBackups/Testing/Willy Wonka and the Chocolate Factory_t02.mkv' (title #3)","AV synchronization issues were found in file '%1' (title #%2)","file:///Volumes/BEBOP/MovieBackups/Testing/Willy Wonka and the Chocolate Factory_t02.mkv","3"
MSG:4047,16,3,"AV sync issue in stream 6 at 0:00:00 : Forced subtitles track #6 turned out to be empty and was removed from output file","AV sync issue in stream %1 at %2 : %3","6","0:00:00","Forced subtitles track #6 turned out to be empty and was removed from output file"
MSG:4047,16,3,"AV sync issue in stream 8 at 0:00:00 : Forced subtitles track #8 turned out to be empty and was removed from output file","AV sync issue in stream %1 at %2 : %3","8","0:00:00","Forced subtitles track #8 turned out to be empty and was removed from output file"
MSG:4047,16,3,"AV sync issue in stream 10 at 0:00:00 : Forced subtitles track #10 turned out to be empty and was removed from output file","AV sync issue in stream %1 at %2 : %3","10","0:00:00","Forced subtitles track #10 turned out to be empty and was removed from output file"
MSG:4047,16,3,"AV sync issue in stream 12 at 0:00:00 : Forced subtitles track #12 turned out to be empty and was removed from output file","AV sync issue in stream %1 at %2 : %3","12","0:00:00","Forced subtitles track #12 turned out to be empty and was removed from output file"
PRGV:65536,65536,65536
MSG:5005,128,1,"1 titles saved","%1 titles saved","1"
MSG:5036,260,1,"Copy complete. 1 titles saved.","Copy complete. %1 titles saved.","1"
